This file contains any messages produced by compilers while
running configure, to aid debugging if configure makes a mistake.

It was created by camlimages configure 3.2.0, which was
generated by GNU Autoconf 2.61.  Invocation command line was

  $ ./configure 

## --------- ##
## Platform. ##
## --------- ##

hostname = appliance
uname -m = i686
uname -r = 3.10.10-200.fc19.i686.PAE
uname -s = Linux
uname -v = #1 SMP Thu Aug 29 19:16:15 UTC 2013

/usr/bin/uname -p = i686
/bin/uname -X     = unknown

/bin/arch              = i686
/usr/bin/arch -k       = unknown
/usr/convex/getsysinfo = unknown
/usr/bin/hostinfo      = unknown
/bin/machine           = unknown
/usr/bin/oslevel       = unknown
/bin/universe          = unknown

PATH: /home/jharvard/.opam/system/bin
PATH: /etc/log50.d
PATH: /home/jharvard/.opam/system/bin
PATH: /etc/log50.d
PATH: /usr/lib/qt-3.3/bin
PATH: /usr/libexec/lightdm
PATH: /usr/local/bin
PATH: /usr/bin
PATH: /bin
PATH: /usr/local/sbin
PATH: /usr/sbin
PATH: /home/jharvard/.local/bin
PATH: /home/jharvard/bin


## ----------- ##
## Core tests. ##
## ----------- ##

configure:1866: checking for a BSD-compatible install
configure:1922: result: /usr/bin/install -c
configure:1933: checking whether build environment is sane
configure:1976: result: yes
configure:2000: WARNING: `missing' script is too old or missing
configure:2041: checking for gawk
configure:2057: found /usr/bin/gawk
configure:2068: result: gawk
configure:2079: checking whether make sets $(MAKE)
configure:2100: result: yes
configure:2284: checking whether to enable maintainer-specific portions of Makefiles
configure:2293: result: no
configure:2332: checking for ocamlc
configure:2350: found /usr/bin/ocamlc
configure:2362: result: /usr/bin/ocamlc
configure:2378: checking for OCaml version
configure:2386: result: 4.01.1+dev2-2013-12-18
configure:2393: checking whether OCaml version >= 3.08
configure:2435: result: yes
configure:2446: checking for OCaml library path
configure:2454: result: /usr/lib/ocaml
configure:2463: checking for ocamlc.opt
configure:2481: found /usr/bin/ocamlc.opt
configure:2493: result: /usr/bin/ocamlc.opt
configure:2509: checking wether ocamlc.opt version = 4.01.1+dev2-2013-12-18
configure:2524: result: yes
configure:2546: checking for ocamlopt
configure:2564: found /usr/bin/ocamlopt
configure:2576: result: /usr/bin/ocamlopt
configure:2592: checking wether ocamlopt version = 4.01.1+dev2-2013-12-18
configure:2607: result: yes
configure:2621: checking if OCaml C compiler works
configure:2637: result: yes
configure:2652: checking for ocamlopt.opt
configure:2670: found /usr/bin/ocamlopt.opt
configure:2682: result: /usr/bin/ocamlopt.opt
configure:2698: checking wether ocamlopt.opt version = 4.01.1+dev2-2013-12-18
configure:2713: result: yes
configure:2735: checking for ocamldep
configure:2753: found /usr/bin/ocamldep
configure:2765: result: /usr/bin/ocamldep
configure:2784: checking for ocamldep.opt
configure:2802: found /usr/bin/ocamldep.opt
configure:2814: result: /usr/bin/ocamldep.opt
configure:2842: checking for ocamlmklib
configure:2860: found /usr/bin/ocamlmklib
configure:2872: result: /usr/bin/ocamlmklib
configure:2891: checking for ocamlmklib.opt
configure:2924: result: no
configure:2951: checking wether to build native library
configure:2955: result: yes
configure:2988: checking wether to build bytecode library
configure:2992: result: yes
configure:3066: checking for gcc
configure:3093: result: clang
configure:3331: checking for C compiler version
configure:3338: clang --version >&5
Traceback (most recent call last):
  File "/etc/log50.d/clang", line 25, in <module>
    wrapper.run()
  File "/usr/lib/python2.7/log50.py", line 69, in run
    p.interact()
  File "/usr/lib/python2.7/site-packages/pexpect/__init__.py", line 1533, in interact
    mode = tty.tcgetattr(self.STDIN_FILENO)
termios.error: (25, 'Inappropriate ioctl for device')
configure:3341: $? = 1
configure:3348: clang -v >&5
Traceback (most recent call last):
  File "/etc/log50.d/clang", line 25, in <module>
    wrapper.run()
  File "/usr/lib/python2.7/log50.py", line 69, in run
    p.interact()
  File "/usr/lib/python2.7/site-packages/pexpect/__init__.py", line 1533, in interact
    mode = tty.tcgetattr(self.STDIN_FILENO)
termios.error: (25, 'Inappropriate ioctl for device')
configure:3351: $? = 1
configure:3358: clang -V >&5
Traceback (most recent call last):
  File "/etc/log50.d/clang", line 25, in <module>
    wrapper.run()
  File "/usr/lib/python2.7/log50.py", line 69, in run
    p.interact()
  File "/usr/lib/python2.7/site-packages/pexpect/__init__.py", line 1533, in interact
    mode = tty.tcgetattr(self.STDIN_FILENO)
termios.error: (25, 'Inappropriate ioctl for device')
configure:3361: $? = 1
configure:3384: checking for C compiler default output file name
configure:3411: clang -ggdb3 -O0 -std=c99 -Wall -Werror   conftest.c  >&5
Traceback (most recent call last):
  File "/etc/log50.d/clang", line 25, in <module>
    wrapper.run()
  File "/usr/lib/python2.7/log50.py", line 69, in run
    p.interact()
  File "/usr/lib/python2.7/site-packages/pexpect/__init__.py", line 1533, in interact
    mode = tty.tcgetattr(self.STDIN_FILENO)
termios.error: (25, 'Inappropriate ioctl for device')
configure:3414: $? = 1
configure:3452: result: 
configure: failed program was:
| /* confdefs.h.  */
| #define PACKAGE_NAME "camlimages"
| #define PACKAGE_TARNAME "camlimages"
| #define PACKAGE_VERSION "3.2.0"
| #define PACKAGE_STRING "camlimages 3.2.0"
| #define PACKAGE_BUGREPORT "use-omake-to-be-supported@nowhere.com"
| #define PACKAGE "camlimages"
| #define VERSION "3.2.0"
| /* end confdefs.h.  */
| 
| int
| main ()
| {
| 
|   ;
|   return 0;
| }
configure:3459: error: C compiler cannot create executables
See `config.log' for more details.

## ---------------- ##
## Cache variables. ##
## ---------------- ##

ac_cv_env_CC_set=set
ac_cv_env_CC_value=clang
ac_cv_env_CFLAGS_set=set
ac_cv_env_CFLAGS_value='-ggdb3 -O0 -std=c99 -Wall -Werror'
ac_cv_env_CPPFLAGS_set=
ac_cv_env_CPPFLAGS_value=
ac_cv_env_CPP_set=
ac_cv_env_CPP_value=
ac_cv_env_LDFLAGS_set=
ac_cv_env_LDFLAGS_value=
ac_cv_env_LIBS_set=
ac_cv_env_LIBS_value=
ac_cv_env_OCAMLCFLAGS_set=
ac_cv_env_OCAMLCFLAGS_value=
ac_cv_env_XMKMF_set=
ac_cv_env_XMKMF_value=
ac_cv_env_build_alias_set=
ac_cv_env_build_alias_value=
ac_cv_env_host_alias_set=
ac_cv_env_host_alias_value=
ac_cv_env_target_alias_set=
ac_cv_env_target_alias_value=
ac_cv_ocaml_OCAMLC_OPT_version_ok=yes
ac_cv_ocaml_OCAMLOPT_OPT_version_ok=yes
ac_cv_ocaml_OCAMLOPT_version_ok=yes
ac_cv_ocaml_c_compiler_works=yes
ac_cv_ocaml_library_path=/usr/lib/ocaml
ac_cv_ocaml_version=4.01.1+dev2-2013-12-18
ac_cv_ocaml_version_enough=yes
ac_cv_path_OCAMLC=/usr/bin/ocamlc
ac_cv_path_OCAMLC_OPT=/usr/bin/ocamlc.opt
ac_cv_path_OCAMLDEP=/usr/bin/ocamldep
ac_cv_path_OCAMLDEP_OPT=/usr/bin/ocamldep.opt
ac_cv_path_OCAMLMKLIB=/usr/bin/ocamlmklib
ac_cv_path_OCAMLOPT=/usr/bin/ocamlopt
ac_cv_path_OCAMLOPT_OPT=/usr/bin/ocamlopt.opt
ac_cv_path_install='/usr/bin/install -c'
ac_cv_prog_AWK=gawk
ac_cv_prog_ac_ct_CC=clang
ac_cv_prog_make_make_set=yes

## ----------------- ##
## Output variables. ##
## ----------------- ##

ACLOCAL='aclocal-1.9'
AMDEPBACKSLASH=''
AMDEP_FALSE=''
AMDEP_TRUE=''
AMTAR='tar'
AUTOCONF='autoconf'
AUTOHEADER='autoheader'
AUTOMAKE='automake-1.9'
AWK='gawk'
BUILD_BYTECODE_FALSE='#'
BUILD_BYTECODE_TRUE=''
BUILD_NATIVE_FALSE='#'
BUILD_NATIVE_TRUE=''
CC='clang'
CCDEPMODE=''
CFLAGS='-ggdb3 -O0 -std=c99 -Wall -Werror'
CPP=''
CPPFLAGS=''
CYGPATH_W='echo'
DEFS=''
DEPDIR=''
ECHO_C=''
ECHO_N='-n'
ECHO_T=''
EGREP=''
EXEEXT=''
FREETYPE_CONFIG=''
GREP=''
GS=''
HAVE_FREETYPE_FALSE=''
HAVE_FREETYPE_TRUE=''
HAVE_GIF_FALSE=''
HAVE_GIF_TRUE=''
HAVE_JPEG_FALSE=''
HAVE_JPEG_TRUE=''
HAVE_LABLGTK2_FALSE=''
HAVE_LABLGTK2_TRUE=''
HAVE_LABLGTK_FALSE=''
HAVE_LABLGTK_TRUE=''
HAVE_PNG_FALSE=''
HAVE_PNG_TRUE=''
HAVE_PS_FALSE=''
HAVE_PS_TRUE=''
HAVE_TIFF_FALSE=''
HAVE_TIFF_TRUE=''
HAVE_XPM_FALSE=''
HAVE_XPM_TRUE=''
INCFREETYPE=''
INCXPM=''
INSTALL_DATA='${INSTALL} -m 644'
INSTALL_PROGRAM='${INSTALL}'
INSTALL_SCRIPT='${INSTALL}'
INSTALL_STRIP_PROGRAM='${SHELL} $(install_sh) -c -s'
LABLGTK2DIR=''
LABLGTKDIR=''
LDFLAGS=''
LIBFREETYPE=''
LIBGIF=''
LIBJPEG=''
LIBOBJS=''
LIBPNG=''
LIBS=''
LIBTIFF=''
LIBXPM=''
LTLIBOBJS=''
MAINT='#'
MAINTAINER_MODE_FALSE=''
MAINTAINER_MODE_TRUE='#'
MAKEINFO='makeinfo'
OBJEXT=''
OCAMLC='/usr/bin/ocamlc.opt'
OCAMLCFLAGS=''
OCAMLC_OPT='/usr/bin/ocamlc.opt'
OCAMLDEP='/usr/bin/ocamldep.opt'
OCAMLDEP_OPT='/usr/bin/ocamldep.opt'
OCAMLLIB='/usr/lib/ocaml'
OCAMLMKLIB='/usr/bin/ocamlmklib'
OCAMLMKLIB_OPT=''
OCAMLOPT='/usr/bin/ocamlopt.opt'
OCAMLOPT_OPT='/usr/bin/ocamlopt.opt'
OCAMLSITELIBDIR=''
PACKAGE='camlimages'
PACKAGE_BUGREPORT='use-omake-to-be-supported@nowhere.com'
PACKAGE_NAME='camlimages'
PACKAGE_STRING='camlimages 3.2.0'
PACKAGE_TARNAME='camlimages'
PACKAGE_VERSION='3.2.0'
PATH_OCAMLFIND=''
PATH_RGB_TXT=''
PATH_SEPARATOR=':'
REQUIRES=''
SET_MAKE=''
SHELL='/bin/sh'
STRIP=''
SUPPORT_FREETYPE=''
SUPPORT_GIF=''
SUPPORT_JPEG=''
SUPPORT_PNG=''
SUPPORT_PS=''
SUPPORT_TIFF=''
SUPPORT_XPM=''
VERSION='3.2.0'
WORD_SIZE=''
XMKMF=''
X_CFLAGS=''
X_EXTRA_LIBS=''
X_LIBS=''
X_PRE_LIBS=''
ac_ct_CC='clang'
am__fastdepCC_FALSE=''
am__fastdepCC_TRUE=''
am__include=''
am__leading_dot='.'
am__quote=''
am__tar='${AMTAR} chof - "$$tardir"'
am__untar='${AMTAR} xf -'
bindir='${exec_prefix}/bin'
build_alias=''
datadir='${datarootdir}'
datarootdir='${prefix}/share'
docdir='${datarootdir}/doc/${PACKAGE_TARNAME}'
dvidir='${docdir}'
exec_prefix='NONE'
host_alias=''
htmldir='${docdir}'
includedir='${prefix}/include'
infodir='${datarootdir}/info'
install_sh='/home/jharvard/Desktop/ocaml-geneticalgorithm/camlspotter-camlimages-c803efa9d5d3/install-sh'
libdir='${exec_prefix}/lib'
libexecdir='${exec_prefix}/libexec'
localedir='${datarootdir}/locale'
localstatedir='${prefix}/var'
mandir='${datarootdir}/man'
mkdir_p='mkdir -p --'
oldincludedir='/usr/include'
pdfdir='${docdir}'
prefix='NONE'
program_transform_name='s,x,x,'
psdir='${docdir}'
sbindir='${exec_prefix}/sbin'
sharedstatedir='${prefix}/com'
sysconfdir='${prefix}/etc'
target_alias=''

## ----------- ##
## confdefs.h. ##
## ----------- ##

#define PACKAGE_NAME "camlimages"
#define PACKAGE_TARNAME "camlimages"
#define PACKAGE_VERSION "3.2.0"
#define PACKAGE_STRING "camlimages 3.2.0"
#define PACKAGE_BUGREPORT "use-omake-to-be-supported@nowhere.com"
#define PACKAGE "camlimages"
#define VERSION "3.2.0"

configure: exit 77
