This file contains any messages produced by compilers while
running configure, to aid debugging if configure makes a mistake.

It was created by configure, which was
generated by GNU Autoconf 2.69.  Invocation command line was

  $ ./configure 

## --------- ##
## Platform. ##
## --------- ##

hostname = appliance
uname -m = i686
uname -r = 3.10.10-200.fc19.i686.PAE
uname -s = Linux
uname -v = #1 SMP Thu Aug 29 19:16:15 UTC 2013

/usr/bin/uname -p = i686
/bin/uname -X     = unknown

/bin/arch              = i686
/usr/bin/arch -k       = unknown
/usr/convex/getsysinfo = unknown
/usr/bin/hostinfo      = unknown
/bin/machine           = unknown
/usr/bin/oslevel       = unknown
/bin/universe          = unknown

PATH: /home/jharvard/.opam/system/bin
PATH: /etc/log50.d
PATH: /home/jharvard/.opam/system/bin
PATH: /etc/log50.d
PATH: /usr/lib/qt-3.3/bin
PATH: /usr/libexec/lightdm
PATH: /usr/local/bin
PATH: /usr/bin
PATH: /bin
PATH: /usr/local/sbin
PATH: /usr/sbin
PATH: /home/jharvard/.local/bin
PATH: /home/jharvard/bin


## ----------- ##
## Core tests. ##
## ----------- ##

configure:2716: checking build system type
configure:2730: result: i686-pc-linux-gnu
configure:2750: checking host system type
configure:2763: result: i686-pc-linux-gnu
configure:2804: checking how to print strings
configure:2831: result: printf
configure:2900: checking for gcc
configure:2927: result: clang
configure:3156: checking for C compiler version
configure:3165: clang --version >&5
Traceback (most recent call last):
  File "/etc/log50.d/clang", line 25, in <module>
    wrapper.run()
  File "/usr/lib/python2.7/log50.py", line 69, in run
    p.interact()
  File "/usr/lib/python2.7/site-packages/pexpect/__init__.py", line 1533, in interact
    mode = tty.tcgetattr(self.STDIN_FILENO)
termios.error: (25, 'Inappropriate ioctl for device')
configure:3176: $? = 1
configure:3165: clang -v >&5
Traceback (most recent call last):
  File "/etc/log50.d/clang", line 25, in <module>
    wrapper.run()
  File "/usr/lib/python2.7/log50.py", line 69, in run
    p.interact()
  File "/usr/lib/python2.7/site-packages/pexpect/__init__.py", line 1533, in interact
    mode = tty.tcgetattr(self.STDIN_FILENO)
termios.error: (25, 'Inappropriate ioctl for device')
configure:3176: $? = 1
configure:3165: clang -V >&5
Traceback (most recent call last):
  File "/etc/log50.d/clang", line 25, in <module>
    wrapper.run()
  File "/usr/lib/python2.7/log50.py", line 69, in run
    p.interact()
  File "/usr/lib/python2.7/site-packages/pexpect/__init__.py", line 1533, in interact
    mode = tty.tcgetattr(self.STDIN_FILENO)
termios.error: (25, 'Inappropriate ioctl for device')
configure:3176: $? = 1
configure:3165: clang -qversion >&5
Traceback (most recent call last):
  File "/etc/log50.d/clang", line 25, in <module>
    wrapper.run()
  File "/usr/lib/python2.7/log50.py", line 69, in run
    p.interact()
  File "/usr/lib/python2.7/site-packages/pexpect/__init__.py", line 1533, in interact
    mode = tty.tcgetattr(self.STDIN_FILENO)
termios.error: (25, 'Inappropriate ioctl for device')
configure:3176: $? = 1
configure:3196: checking whether the C compiler works
configure:3218: clang -ggdb3 -O0 -std=c99 -Wall -Werror   conftest.c  >&5
Traceback (most recent call last):
  File "/etc/log50.d/clang", line 25, in <module>
    wrapper.run()
  File "/usr/lib/python2.7/log50.py", line 69, in run
    p.interact()
  File "/usr/lib/python2.7/site-packages/pexpect/__init__.py", line 1533, in interact
    mode = tty.tcgetattr(self.STDIN_FILENO)
termios.error: (25, 'Inappropriate ioctl for device')
configure:3222: $? = 1
configure:3260: result: no
configure: failed program was:
| /* confdefs.h */
| #define PACKAGE_NAME ""
| #define PACKAGE_TARNAME ""
| #define PACKAGE_VERSION ""
| #define PACKAGE_STRING ""
| #define PACKAGE_BUGREPORT ""
| #define PACKAGE_URL ""
| /* end confdefs.h.  */
| 
| int
| main ()
| {
| 
|   ;
|   return 0;
| }
configure:3265: error: in `/home/jharvard/Desktop/ocaml-geneticalgorithm/SDL2-2.0.3':
configure:3267: error: C compiler cannot create executables
See `config.log' for more details

## ---------------- ##
## Cache variables. ##
## ---------------- ##

ac_cv_build=i686-pc-linux-gnu
ac_cv_env_CCC_set=
ac_cv_env_CCC_value=
ac_cv_env_CC_set=set
ac_cv_env_CC_value=clang
ac_cv_env_CFLAGS_set=set
ac_cv_env_CFLAGS_value='-ggdb3 -O0 -std=c99 -Wall -Werror'
ac_cv_env_CPPFLAGS_set=
ac_cv_env_CPPFLAGS_value=
ac_cv_env_CPP_set=
ac_cv_env_CPP_value=
ac_cv_env_CXXCPP_set=
ac_cv_env_CXXCPP_value=
ac_cv_env_CXXFLAGS_set=
ac_cv_env_CXXFLAGS_value=
ac_cv_env_CXX_set=
ac_cv_env_CXX_value=
ac_cv_env_LDFLAGS_set=
ac_cv_env_LDFLAGS_value=
ac_cv_env_LIBS_set=
ac_cv_env_LIBS_value=
ac_cv_env_XMKMF_set=
ac_cv_env_XMKMF_value=
ac_cv_env_build_alias_set=
ac_cv_env_build_alias_value=
ac_cv_env_host_alias_set=
ac_cv_env_host_alias_value=
ac_cv_env_target_alias_set=
ac_cv_env_target_alias_value=
ac_cv_host=i686-pc-linux-gnu
ac_cv_prog_ac_ct_CC=clang

## ----------------- ##
## Output variables. ##
## ----------------- ##

ALLOCA=''
ALSA_CFLAGS=''
ALSA_LIBS=''
AR=''
ARTSCONFIG=''
AS=''
AWK=''
BUILD_CFLAGS=''
BUILD_LDFLAGS=''
CC='clang'
CFLAGS='-ggdb3 -O0 -std=c99 -Wall -Werror'
CPP=''
CPPFLAGS=''
CXX=''
CXXCPP=''
CXXFLAGS=''
DEFS=''
DIRECTFBCONFIG=''
DLLTOOL=''
DSYMUTIL=''
DUMPBIN=''
ECHO_C=''
ECHO_N='-n'
ECHO_T=''
EGREP=''
ENABLE_SHARED_FALSE=''
ENABLE_SHARED_TRUE=''
ENABLE_STATIC_FALSE=''
ENABLE_STATIC_TRUE=''
ESD_CFLAGS=''
ESD_CONFIG=''
ESD_LIBS=''
EXEEXT=''
EXTRA_CFLAGS=''
EXTRA_LDFLAGS=''
FGREP=''
GREP=''
INCLUDE=''
INSTALL_DATA=''
INSTALL_PROGRAM=''
INSTALL_SCRIPT=''
LD=''
LDFLAGS=''
LIBOBJS=''
LIBS=''
LIBTOOL=''
LIPO=''
LN_S=''
LTLIBOBJS=''
LT_AGE=''
LT_CURRENT=''
LT_RELEASE=''
LT_REVISION=''
MANIFEST_TOOL=''
NM=''
NMEDIT=''
OBJDUMP=''
OBJECTS=''
OBJEXT=''
OTOOL64=''
OTOOL=''
PACKAGE_BUGREPORT=''
PACKAGE_NAME=''
PACKAGE_STRING=''
PACKAGE_TARNAME=''
PACKAGE_URL=''
PACKAGE_VERSION=''
PATH_SEPARATOR=':'
PKG_CONFIG=''
POW_LIB=''
RANLIB=''
SDLMAIN_OBJECTS=''
SDLTEST_OBJECTS=''
SDL_BINARY_AGE='3'
SDL_CFLAGS=''
SDL_INTERFACE_AGE='1'
SDL_LIBS=''
SDL_MAJOR_VERSION='2'
SDL_MICRO_VERSION='3'
SDL_MINOR_VERSION='0'
SDL_RLD_FLAGS=''
SDL_STATIC_LIBS=''
SDL_VERSION='2.0.3'
SED=''
SET_MAKE=''
SHELL='/bin/sh'
STRIP=''
VERSION_OBJECTS=''
WINDRES=''
XMKMF=''
X_CFLAGS=''
X_EXTRA_LIBS=''
X_LIBS=''
X_PRE_LIBS=''
ac_aux_dir='build-scripts'
ac_ct_AR=''
ac_ct_CC='clang'
ac_ct_CXX=''
ac_ct_DUMPBIN=''
bindir='${exec_prefix}/bin'
build='i686-pc-linux-gnu'
build_alias=''
build_cpu='i686'
build_os='linux-gnu'
build_vendor='pc'
datadir='${datarootdir}'
datarootdir='${prefix}/share'
docdir='${datarootdir}/doc/${PACKAGE}'
dvidir='${docdir}'
exec_prefix='NONE'
host='i686-pc-linux-gnu'
host_alias=''
host_cpu='i686'
host_os='linux-gnu'
host_vendor='pc'
htmldir='${docdir}'
includedir='${prefix}/include'
infodir='${datarootdir}/info'
libdir='${exec_prefix}/lib'
libexecdir='${exec_prefix}/libexec'
localedir='${datarootdir}/locale'
localstatedir='${prefix}/var'
mandir='${datarootdir}/man'
oldincludedir='/usr/include'
pdfdir='${docdir}'
prefix='NONE'
program_transform_name='s,x,x,'
psdir='${docdir}'
sbindir='${exec_prefix}/sbin'
sharedstatedir='${prefix}/com'
sysconfdir='${prefix}/etc'
target_alias=''

## ----------- ##
## confdefs.h. ##
## ----------- ##

/* confdefs.h */
#define PACKAGE_NAME ""
#define PACKAGE_TARNAME ""
#define PACKAGE_VERSION ""
#define PACKAGE_STRING ""
#define PACKAGE_BUGREPORT ""
#define PACKAGE_URL ""

configure: exit 77
