This file contains any messages produced by compilers while
running configure, to aid debugging if configure makes a mistake.

It was created by ocamlsdl configure 0.9.1, which was
generated by GNU Autoconf 2.68.  Invocation command line was

  $ ./configure 

## --------- ##
## Platform. ##
## --------- ##

hostname = appliance
uname -m = i686
uname -r = 3.10.10-200.fc19.i686.PAE
uname -s = Linux
uname -v = #1 SMP Thu Aug 29 19:16:15 UTC 2013

/usr/bin/uname -p = i686
/bin/uname -X     = unknown

/bin/arch              = i686
/usr/bin/arch -k       = unknown
/usr/convex/getsysinfo = unknown
/usr/bin/hostinfo      = unknown
/bin/machine           = unknown
/usr/bin/oslevel       = unknown
/bin/universe          = unknown

PATH: /home/jharvard/.opam/system/bin
PATH: /etc/log50.d
PATH: /home/jharvard/.opam/system/bin
PATH: /etc/log50.d
PATH: /usr/lib/qt-3.3/bin
PATH: /usr/libexec/lightdm
PATH: /usr/local/bin
PATH: /usr/bin
PATH: /bin
PATH: /usr/local/sbin
PATH: /usr/sbin
PATH: /home/jharvard/.local/bin
PATH: /home/jharvard/bin


## ----------- ##
## Core tests. ##
## ----------- ##

configure:2245: checking for ocamlc
configure:2261: found /usr/bin/ocamlc
configure:2272: result: ocamlc
configure:2297: result: OCaml version is 4.01.1+dev2-2013-12-18
configure:2306: result: OCaml library path is /usr/lib/ocaml
configure:2356: checking for ocamlopt
configure:2372: found /usr/bin/ocamlopt
configure:2383: result: ocamlopt
configure:2466: checking for ocamlc.opt
configure:2482: found /usr/bin/ocamlc.opt
configure:2493: result: ocamlc.opt
configure:2570: checking for ocamlopt.opt
configure:2586: found /usr/bin/ocamlopt.opt
configure:2597: result: ocamlopt.opt
configure:2679: checking for ocaml
configure:2695: found /usr/bin/ocaml
configure:2706: result: ocaml
configure:2773: checking for ocamldep
configure:2789: found /usr/bin/ocamldep
configure:2800: result: ocamldep
configure:2867: checking for ocamlmktop
configure:2883: found /usr/bin/ocamlmktop
configure:2894: result: ocamlmktop
configure:2961: checking for ocamlmklib
configure:2977: found /usr/bin/ocamlmklib
configure:2988: result: ocamlmklib
configure:3055: checking for ocamldoc
configure:3071: found /usr/bin/ocamldoc
configure:3082: result: ocamldoc
configure:3149: checking for ocamlbuild
configure:3165: found /usr/bin/ocamlbuild
configure:3176: result: ocamlbuild
configure:3244: checking for ocamlfind
configure:3260: found /home/jharvard/.opam/system/bin/ocamlfind
configure:3271: result: ocamlfind
configure:3304: checking OCaml Sys.os_type
configure:3312: result: Unix
configure:3371: checking for gcc
configure:3398: result: clang
configure:3627: checking for C compiler version
configure:3636: clang --version >&5
Traceback (most recent call last):
  File "/etc/log50.d/clang", line 25, in <module>
    wrapper.run()
  File "/usr/lib/python2.7/log50.py", line 69, in run
    p.interact()
  File "/usr/lib/python2.7/site-packages/pexpect/__init__.py", line 1533, in interact
    mode = tty.tcgetattr(self.STDIN_FILENO)
termios.error: (25, 'Inappropriate ioctl for device')
configure:3647: $? = 1
configure:3636: clang -v >&5
Traceback (most recent call last):
  File "/etc/log50.d/clang", line 25, in <module>
    wrapper.run()
  File "/usr/lib/python2.7/log50.py", line 69, in run
    p.interact()
  File "/usr/lib/python2.7/site-packages/pexpect/__init__.py", line 1533, in interact
    mode = tty.tcgetattr(self.STDIN_FILENO)
termios.error: (25, 'Inappropriate ioctl for device')
configure:3647: $? = 1
configure:3636: clang -V >&5
Traceback (most recent call last):
  File "/etc/log50.d/clang", line 25, in <module>
    wrapper.run()
  File "/usr/lib/python2.7/log50.py", line 69, in run
    p.interact()
  File "/usr/lib/python2.7/site-packages/pexpect/__init__.py", line 1533, in interact
    mode = tty.tcgetattr(self.STDIN_FILENO)
termios.error: (25, 'Inappropriate ioctl for device')
configure:3647: $? = 1
configure:3636: clang -qversion >&5
Traceback (most recent call last):
  File "/etc/log50.d/clang", line 25, in <module>
    wrapper.run()
  File "/usr/lib/python2.7/log50.py", line 69, in run
    p.interact()
  File "/usr/lib/python2.7/site-packages/pexpect/__init__.py", line 1533, in interact
    mode = tty.tcgetattr(self.STDIN_FILENO)
termios.error: (25, 'Inappropriate ioctl for device')
configure:3647: $? = 1
configure:3667: checking whether the C compiler works
configure:3689: clang -ggdb3 -O0 -std=c99 -Wall -Werror   conftest.c  >&5
Traceback (most recent call last):
  File "/etc/log50.d/clang", line 25, in <module>
    wrapper.run()
  File "/usr/lib/python2.7/log50.py", line 69, in run
    p.interact()
  File "/usr/lib/python2.7/site-packages/pexpect/__init__.py", line 1533, in interact
    mode = tty.tcgetattr(self.STDIN_FILENO)
termios.error: (25, 'Inappropriate ioctl for device')
configure:3693: $? = 1
configure:3731: result: no
configure: failed program was:
| /* confdefs.h */
| #define PACKAGE_NAME "ocamlsdl"
| #define PACKAGE_TARNAME "ocamlsdl"
| #define PACKAGE_VERSION "0.9.1"
| #define PACKAGE_STRING "ocamlsdl 0.9.1"
| #define PACKAGE_BUGREPORT ""
| #define PACKAGE_URL ""
| /* end confdefs.h.  */
| 
| int
| main ()
| {
| 
|   ;
|   return 0;
| }
configure:3736: error: in `/home/jharvard/Desktop/ocaml-geneticalgorithm/ocamlsdl-0.9.1':
configure:3738: error: C compiler cannot create executables
See `config.log' for more details

## ---------------- ##
## Cache variables. ##
## ---------------- ##

ac_cv_env_CC_set=set
ac_cv_env_CC_value=clang
ac_cv_env_CFLAGS_set=set
ac_cv_env_CFLAGS_value='-ggdb3 -O0 -std=c99 -Wall -Werror'
ac_cv_env_CPPFLAGS_set=
ac_cv_env_CPPFLAGS_value=
ac_cv_env_CPP_set=
ac_cv_env_CPP_value=
ac_cv_env_LDFLAGS_set=
ac_cv_env_LDFLAGS_value=
ac_cv_env_LIBS_set=
ac_cv_env_LIBS_value=
ac_cv_env_build_alias_set=
ac_cv_env_build_alias_value=
ac_cv_env_host_alias_set=
ac_cv_env_host_alias_value=
ac_cv_env_target_alias_set=
ac_cv_env_target_alias_value=
ac_cv_prog_ac_ct_CC=clang
ac_cv_prog_ac_ct_OCAML=ocaml
ac_cv_prog_ac_ct_OCAMLBUILD=ocamlbuild
ac_cv_prog_ac_ct_OCAMLC=ocamlc
ac_cv_prog_ac_ct_OCAMLCDOTOPT=ocamlc.opt
ac_cv_prog_ac_ct_OCAMLDEP=ocamldep
ac_cv_prog_ac_ct_OCAMLDOC=ocamldoc
ac_cv_prog_ac_ct_OCAMLFIND=ocamlfind
ac_cv_prog_ac_ct_OCAMLMKLIB=ocamlmklib
ac_cv_prog_ac_ct_OCAMLMKTOP=ocamlmktop
ac_cv_prog_ac_ct_OCAMLOPT=ocamlopt
ac_cv_prog_ac_ct_OCAMLOPTDOTOPT=ocamlopt.opt

## ----------------- ##
## Output variables. ##
## ----------------- ##

ALLOCA=''
CC='clang'
CFLAGS='-ggdb3 -O0 -std=c99 -Wall -Werror'
CPP=''
CPPFLAGS=''
DEFS=''
ECHO_C=''
ECHO_N='-n'
ECHO_T=''
EGREP=''
EXEEXT=''
GREP=''
INSTALL_DATA=''
INSTALL_PROGRAM=''
INSTALL_SCRIPT=''
LABLGLDIR=''
LDFLAGS=''
LIBOBJS=''
LIBS=''
LTLIBOBJS=''
OBJEXT=''
OCAML='ocaml'
OCAMLBEST='opt'
OCAMLBUILD='ocamlbuild'
OCAMLC='ocamlc.opt'
OCAMLCDOTOPT='ocamlc.opt'
OCAMLDEP='ocamldep'
OCAMLDOC='ocamldoc'
OCAMLFIND='ocamlfind'
OCAMLLIB='/usr/lib/ocaml'
OCAMLMKLIB='ocamlmklib'
OCAMLMKTOP='ocamlmktop'
OCAMLOPT='ocamlopt.opt'
OCAMLOPTDOTOPT='ocamlopt.opt'
OCAMLSDLDIR=''
OCAMLVERSION='4.01.1+dev2-2013-12-18'
OCAML_OS_TYPE='Unix'
PACKAGE_BUGREPORT=''
PACKAGE_NAME='ocamlsdl'
PACKAGE_STRING='ocamlsdl 0.9.1'
PACKAGE_TARNAME='ocamlsdl'
PACKAGE_URL=''
PACKAGE_VERSION='0.9.1'
PARTS=''
PATH_SEPARATOR=':'
PLATFORM='Unix'
RANLIB=''
SDL_CFLAGS=''
SDL_CONFIG=''
SDL_LIBS=''
SHELL='/bin/sh'
ac_ct_CC='clang'
bindir='${exec_prefix}/bin'
build_alias=''
datadir='${datarootdir}'
datarootdir='${prefix}/share'
docdir='${datarootdir}/doc/${PACKAGE_TARNAME}'
dvidir='${docdir}'
exec_prefix='NONE'
host_alias=''
htmldir='${docdir}'
includedir='${prefix}/include'
infodir='${datarootdir}/info'
libdir='${exec_prefix}/lib'
libexecdir='${exec_prefix}/libexec'
localedir='${datarootdir}/locale'
localstatedir='${prefix}/var'
mandir='${datarootdir}/man'
oldincludedir='/usr/include'
pdfdir='${docdir}'
prefix='NONE'
program_transform_name='s,x,x,'
psdir='${docdir}'
sbindir='${exec_prefix}/sbin'
sharedstatedir='${prefix}/com'
sysconfdir='${prefix}/etc'
target_alias=''

## ----------- ##
## confdefs.h. ##
## ----------- ##

/* confdefs.h */
#define PACKAGE_NAME "ocamlsdl"
#define PACKAGE_TARNAME "ocamlsdl"
#define PACKAGE_VERSION "0.9.1"
#define PACKAGE_STRING "ocamlsdl 0.9.1"
#define PACKAGE_BUGREPORT ""
#define PACKAGE_URL ""

configure: exit 77
